<?xml version="1.0" encoding="UTF-8"?>
<beans xmlns="http://www.springframework.org/schema/beans"
       xmlns:xsi="http://www.w3.org/2001/XMLSchema-instance"
       xsi:schemaLocation="http://www.springframework.org/schema/beans http://www.springframework.org/schema/beans/spring-beans.xsd">
    <bean id="dataSource"
          class="org.springframework.jdbc.datasource.SimpleDriverDataSource">
        <property name="driverClass" value="com.mysql.cj.jdbc.Driver" />
        <property name="url" value="jdbc:mysql://localhost/test_db?serverTimezone=UTC" />
        <property name="username" value="root" />
        <property name="password" value="1234" />
    </bean>
    <bean id="userDao" class="dao.UserDaoJdbc">
        <property name="dataSource" ref="dataSource" />
    </bean>
    <bean id="UserLevelUpgradePolicy" class="service.UserLevelUpgradePolicyImpl" />
    <bean id="transactionManager" class="org.springframework.jdbc.datasource.DataSourceTransactionManager">
        <property name="dataSource" ref="dataSource" />
    </bean>
    <bean id="mailSender" class="service.DummyMailSender" />
    <bean id="mailTransactionManager" class="service.MailTransactionManager">
        <property name="mailSender" ref="mailSender" />
    </bean>
    <bean id="userServiceImpl" class="service.UserServiceImpl">
        <property name="userDao" ref="userDao" />
        <property name="upgradePolicy" ref="UserLevelUpgradePolicy" />
        <property name="mailSender" ref="mailSender" />
    </bean>
    <bean id="transactionAdvice" class="service.TransactionAdvice">
        <property name="transactionManager" ref="transactionManager" />
        <property name="mailTransactionManager" ref="mailTransactionManager" />
    </bean>
    <bean id="transactionPointcut" class="org.springframework.aop.support.NameMatchMethodPointcut">
        <property name="mappedName" value="upgrade*" />
    </bean>
    <bean id="transactionAdvisor" class="org.springframework.aop.support.DefaultPointcutAdvisor">
        <property name="advice" ref="transactionAdvice" />
        <property name="pointcut" ref="transactionPointcut" />
    </bean>
    <bean id="userService" class="org.springframework.aop.framework.ProxyFactoryBean">
        <property name="target" ref="userServiceImpl" />
        <property name="interceptorNames">
            <list>
                <value>transactionAdvisor</value>
            </list>
        </property>
    </bean>
</beans>