<?xml version="1.0" encoding="UTF-8"?>
<beans xmlns="http://www.springframework.org/schema/beans"
       xmlns:xsi="http://www.w3.org/2001/XMLSchema-instance"
       xmlns:aop="http://www.springframework.org/schema/aop"
       xmlns:tx="http://www.springframework.org/schema/tx"
       xsi:schemaLocation="http://www.springframework.org/schema/beans http://www.springframework.org/schema/beans/spring-beans.xsd
                           http://www.springframework.org/schema/aop http://www.springframework.org/schema/aop/spring-aop.xsd
                           http://www.springframework.org/schema/tx http://www.springframework.org/schema/tx/spring-tx.xsd">
    <bean id="dataSource"
          class="org.springframework.jdbc.datasource.SimpleDriverDataSource">
        <property name="driverClass" value="com.mysql.cj.jdbc.Driver" />
        <property name="url" value="jdbc:mysql://localhost/test_db?serverTimezone=UTC" />
        <property name="username" value="root" />
        <property name="password" value="1234" />
    </bean>
    <bean id="userDao" class="dao.UserDaoJdbc">
        <property name="dataSource" ref="dataSource" />
        <property name="sqlService" ref="sqlService" />
    </bean>
    <bean id="sqlService" class="dao.service.SimpleSqlService">
        <property name="sqlMap">
            <map>
                <entry key="userAdd" value="insert into users (id, name, password, level, login, recommend, email)
                    values(?, ?, ?, ?, ?, ?, ?)" />
                <entry key="userGet" value="select * from users where id=?" />
                <entry key="userGetAll" value="select * from users order by id" />
                <entry key="userDeleteAll" value="delete from users" />
                <entry key="userGetCount" value="select count(*) from users" />
                <entry key="userUpdate" value="update users set
                    name=?, password=?, level=?, login=?, recommend=?, email=?
                    where id=?" />
            </map>
        </property>
    </bean>
    <bean id="UserLevelUpgradePolicy" class="service.UserLevelUpgradePolicyImpl" />
    <bean id="transactionManager" class="org.springframework.jdbc.datasource.DataSourceTransactionManager">
        <property name="dataSource" ref="dataSource" />
    </bean>
    <bean id="mailSender" class="service.DummyMailSender" />
    <bean id="mailTransactionManager" class="service.MailTransactionManager">
        <property name="mailSender" ref="mailSender" />
    </bean>
    <bean id="userService" class="service.UserServiceImpl">
        <property name="userDao" ref="userDao" />
        <property name="upgradePolicy" ref="UserLevelUpgradePolicy" />
        <property name="mailSender" ref="mailSender" />
    </bean>
    <!-- 스태틱 멤버 클래스는 $로 지정한다, parent를 쓰면 해당 빈의 설정을 상속받는다. -->
    <bean id="testUserService" class="test.UserServiceTest$TestUserServiceImpl" parent="userService" />
    <tx:annotation-driven />
</beans>