<?xml version="1.0" encoding="UTF-8"?>
<beans xmlns="http://www.springframework.org/schema/beans"
       xmlns:xsi="http://www.w3.org/2001/XMLSchema-instance"
       xmlns:aop="http://www.springframework.org/schema/aop"
       xmlns:context="http://www.springframework.org/schema/context"
       xmlns:tx="http://www.springframework.org/schema/tx"
       xmlns:jdbc="http://www.springframework.org/schema/jdbc"
       xsi:schemaLocation="http://www.springframework.org/schema/beans http://www.springframework.org/schema/beans/spring-beans.xsd
                           http://www.springframework.org/schema/aop http://www.springframework.org/schema/aop/spring-aop.xsd
                           http://www.springframework.org/schema/context http://www.springframework.org/schema/context/spring-context-3.0.xsd
                           http://www.springframework.org/schema/tx http://www.springframework.org/schema/tx/spring-tx.xsd
                           http://www.springframework.org/schema/jdbc http://www.springframework.org/schema/jdbc/spring-jdbc.xsd">
    <bean id="dataSource"
          class="org.springframework.jdbc.datasource.SimpleDriverDataSource">
        <property name="driverClass" value="com.mysql.cj.jdbc.Driver" />
        <property name="url" value="jdbc:mysql://localhost/test_db?serverTimezone=UTC" />
        <property name="username" value="root" />
        <property name="password" value="1234" />
    </bean>
    <bean id="userDao" class="dao.UserDaoJdbc">
        <property name="dataSource" ref="dataSource" />
        <property name="sqlService" ref="sqlService" />
    </bean>
    <jdbc:embedded-database id="embeddedDatabase" type="HSQL">
        <jdbc:script location="classpath:sql/schema.sql" />
    </jdbc:embedded-database>
    <bean id="sqlReader" class="dao.service.reader.JaxbXmlSqlReader">
        <property name="sqlmapFile" value="/sqlmap.xml"/>
    </bean>
    <bean id="sqlRegistry" class="dao.service.registry.EmbeddedDbSqlRegistry">
        <property name="dataSource" ref="embeddedDatabase" />
    </bean>
    <bean id="unmashaller" class="org.springframework.oxm.jaxb.Jaxb2Marshaller">
        <property name="contextPath" value="dao.service.jaxb" />
    </bean>
    <bean id="sqlService" class="dao.service.OxmlSqlService">
        <property name="sqlmap" value="classpath:/sqlmap.xml" />
        <property name="sqlRegistry" ref="sqlRegistry" />
        <property name="unmarshaller" ref="unmashaller" />
    </bean>
    <bean id="UserLevelUpgradePolicy" class="service.UserLevelUpgradePolicyImpl" />
    <bean id="transactionManager" class="org.springframework.jdbc.datasource.DataSourceTransactionManager">
        <property name="dataSource" ref="dataSource" />
    </bean>
    <bean id="mailSender" class="service.DummyMailSender" />
    <bean id="mailTransactionManager" class="service.MailTransactionManager">
        <property name="mailSender" ref="mailSender" />
    </bean>
    <bean id="userService" class="service.UserServiceImpl">
        <property name="userDao" ref="userDao" />
        <property name="upgradePolicy" ref="UserLevelUpgradePolicy" />
        <property name="mailSender" ref="mailSender" />
    </bean>
    <!-- 스태틱 멤버 클래스는 $로 지정한다, parent를 쓰면 해당 빈의 설정을 상속받는다. -->
    <bean id="testUserService" class="test.UserServiceTest$TestUserServiceImpl" parent="userService" />
    <tx:annotation-driven />
    <context:annotation-config />
</beans>