<?xml version="1.0" encoding="UTF-8"?>
<beans xmlns="http://www.springframework.org/schema/beans"
       xmlns:xsi="http://www.w3.org/2001/XMLSchema-instance"
       xsi:schemaLocation="http://www.springframework.org/schema/beans http://www.springframework.org/schema/beans/spring-beans.xsd">
    <bean id="dataSource"
          class="org.springframework.jdbc.datasource.SimpleDriverDataSource">
        <property name="driverClass" value="com.mysql.cj.jdbc.Driver" />
        <property name="url" value="jdbc:mysql://localhost/test_db?serverTimezone=UTC" />
        <property name="username" value="root" />
        <property name="password" value="1234" />
    </bean>
    <bean id="userDao" class="dao.UserDaoJdbc">
        <property name="dataSource" ref="dataSource" />
    </bean>
    <bean id="UserLevelUpgradePolicy" class="service.UserLevelUpgradePolicyImpl" />
    <bean id="transactionManager" class="org.springframework.jdbc.datasource.DataSourceTransactionManager">
        <property name="dataSource" ref="dataSource" />
    </bean>
    <bean id="mailSender" class="service.DummyMailSender" />
    <bean id="mailTransactionManager" class="service.MailTransactionManager">
        <property name="mailSender" ref="mailSender" />
    </bean>
    <bean id="userService" class="service.UserServiceImpl">
        <property name="userDao" ref="userDao" />
        <property name="upgradePolicy" ref="UserLevelUpgradePolicy" />
        <property name="mailSender" ref="mailSender" />
    </bean>
    <!-- 스태틱 멤버 클래스는 $로 지정한다, parent를 쓰면 해당 빈의 설정을 상속받는다. -->
    <bean id="testUserService" class="test.UserServiceTest$TestUserServiceImpl" parent="userService" />
    <bean class="org.springframework.aop.framework.autoproxy.DefaultAdvisorAutoProxyCreator" />
    <bean id="transactionAdvice" class="service.TransactionAdvice">
        <property name="transactionManager" ref="transactionManager" />
        <property name="mailTransactionManager" ref="mailTransactionManager" />
    </bean>
    <bean id="transactionPointcut" class="pointcut.NameMatchClassMethodPointcut">
        <property name="mappedClassName" value="*ServiceImpl" />
        <property name="mappedName" value="upgrade*" />
    </bean>
    <bean id="transactionAdvisor" class="org.springframework.aop.support.DefaultPointcutAdvisor">
        <property name="advice" ref="transactionAdvice" />
        <property name="pointcut" ref="transactionPointcut" />
    </bean>
</beans>